<?xml version="1.0" encoding="UTF-8"?>
<!-- Generated by org.testng.reporters.JUnitReportReporter -->
<testsuite hostname="DESKTOP-0O9N60N" failures="0" tests="1" name="nextgen.registerdemo.RegisterFormSubmission" time="0.019" errors="0" timestamp="2022-11-02T12:28:38 IST" skipped="0">
  <testcase classname="nextgen.registerdemo.RegisterFormSubmission" name="launchapplication" time="0.019"/>
  <system-out>
    <![CDATA[Application launched successfully]]>
  </system-out>
</testsuite> <!-- nextgen.registerdemo.RegisterFormSubmission -->
